[debug] [2018-06-25T09:43:43.282Z] ----------------------------------------------------------------------
[debug] [2018-06-25T09:43:43.284Z] Command:       /usr/local/Cellar/node/9.7.1/bin/node /usr/local/bin/firebase serve
[debug] [2018-06-25T09:43:43.284Z] CLI Version:   3.19.0
[debug] [2018-06-25T09:43:43.284Z] Platform:      darwin
[debug] [2018-06-25T09:43:43.284Z] Node Version:  v9.7.1
[debug] [2018-06-25T09:43:43.284Z] Time:          Mon Jun 25 2018 12:43:43 GMT+0300 (IDT)
[debug] [2018-06-25T09:43:43.284Z] ----------------------------------------------------------------------
[debug] 
[debug] [2018-06-25T09:43:43.295Z] > command requires scopes: ["email","openid","https://www.googleapis.com/auth/cloudplatformprojects.readonly","https://www.googleapis.com/auth/firebase","https://www.googleapis.com/auth/cloud-platform"]
[debug] [2018-06-25T09:43:43.295Z] > authorizing via signed-in user
[debug] [2018-06-25T09:43:43.298Z] > refreshing access token with scopes: ["email","https://www.googleapis.com/auth/cloud-platform","https://www.googleapis.com/auth/cloudplatformprojects.readonly","https://www.googleapis.com/auth/firebase","openid"]
[debug] [2018-06-25T09:43:43.298Z] >>> HTTP REQUEST POST https://www.googleapis.com/oauth2/v3/token  
 { refresh_token: '1/92jLn8sBVY2kg-dkSMRcH6LQJSSvdkvM2sqr1WiK7_E',
  client_id: '563584335869-fgrhgmd47bqnekij5i8b5pr03ho849e6.apps.googleusercontent.com',
  client_secret: 'j9iVZfS8kkCEFUPaAeJV0sAi',
  grant_type: 'refresh_token',
  scope: 'email https://www.googleapis.com/auth/cloud-platform https://www.googleapis.com/auth/cloudplatformprojects.readonly https://www.googleapis.com/auth/firebase openid' } 
 Mon Jun 25 2018 12:43:43 GMT+0300 (IDT)
[debug] [2018-06-25T09:43:43.694Z] <<< HTTP RESPONSE 200
[debug] [2018-06-25T09:43:43.774Z] >>> HTTP REQUEST GET https://admin.firebase.com/v1/projects/cloudinarymarketplace  
  
 Mon Jun 25 2018 12:43:43 GMT+0300 (IDT)
[debug] [2018-06-25T09:43:44.584Z] <<< HTTP RESPONSE 200
[debug] [2018-06-25T09:43:44.584Z] >>> HTTP REQUEST GET https://admin.firebase.com/v1/database/cloudinarymarketplace/tokens  
  
 Mon Jun 25 2018 12:43:44 GMT+0300 (IDT)
[debug] [2018-06-25T09:43:45.539Z] <<< HTTP RESPONSE 200
[debug] [2018-06-25T09:43:45.539Z] >>> HTTP REQUEST GET https://cloudresourcemanager.googleapis.com/v1/projects/cloudinarymarketplace  
  
 Mon Jun 25 2018 12:43:45 GMT+0300 (IDT)
[debug] [2018-06-25T09:43:46.431Z] <<< HTTP RESPONSE 200
[info] 
[info] === Serving from '/Users/rayastraus/dev/marketPlace/firebase-react-hosting'...
[info] 
[debug] [2018-06-25T09:43:46.432Z] >>> HTTP REQUEST GET https://mobilesdk-pa.googleapis.com/v1/projects/373688832914/clients/_:getWebAppConfig  
  
 Mon Jun 25 2018 12:43:46 GMT+0300 (IDT)
[debug] [2018-06-25T09:43:47.173Z] <<< HTTP RESPONSE 200
[info] i  hosting: Serving hosting files from: build
[info] ✔  hosting: Local server: http://localhost:5000

